TN:
SF:src/app.js
FN:19,(anonymous_0)
FNF:1
FNH:1
FNDA:1,(anonymous_0)
DA:1,1
DA:2,1
DA:4,1
DA:7,1
DA:8,1
DA:11,1
DA:12,1
DA:15,1
DA:16,1
DA:19,1
DA:20,1
DA:23,1
LF:12
LH:12
BRF:0
BRH:0
end_of_record
TN:
SF:src/controllers/companyController.js
FN:4,(anonymous_0)
FN:17,(anonymous_1)
FN:29,(anonymous_2)
FN:41,(anonymous_3)
FN:53,(anonymous_4)
FNF:5
FNH:5
FNDA:4,(anonymous_0)
FNDA:2,(anonymous_1)
FNDA:2,(anonymous_2)
FNDA:3,(anonymous_3)
FNDA:3,(anonymous_4)
DA:1,2
DA:4,2
DA:5,4
DA:6,4
DA:7,4
DA:8,1
DA:11,3
DA:12,3
DA:17,2
DA:18,2
DA:19,2
DA:20,2
DA:21,1
DA:23,1
DA:24,1
DA:29,2
DA:30,2
DA:31,2
DA:32,2
DA:33,1
DA:35,1
DA:36,1
DA:41,2
DA:42,3
DA:43,3
DA:44,3
DA:45,1
DA:47,2
DA:48,2
DA:53,2
DA:54,3
DA:55,3
DA:56,3
DA:57,3
DA:58,1
DA:60,2
DA:61,2
LF:37
LH:37
BRDA:11,0,0,3
BRDA:11,0,1,2
BRDA:11,1,0,1
BRDA:11,1,1,1
BRDA:12,2,0,3
BRDA:12,2,1,1
BRDA:23,3,0,1
BRDA:23,3,1,1
BRDA:23,4,0,1
BRDA:23,4,1,0
BRDA:24,5,0,1
BRDA:24,5,1,0
BRDA:35,6,0,1
BRDA:35,6,1,0
BRDA:35,7,0,0
BRDA:35,7,1,0
BRDA:36,8,0,1
BRDA:36,8,1,0
BRDA:47,9,0,2
BRDA:47,9,1,2
BRDA:47,10,0,1
BRDA:47,10,1,1
BRDA:48,11,0,2
BRDA:48,11,1,1
BRDA:60,12,0,2
BRDA:60,12,1,1
BRDA:60,13,0,1
BRDA:60,13,1,0
BRDA:61,14,0,2
BRDA:61,14,1,0
BRF:30
BRH:22
end_of_record
TN:
SF:src/controllers/userController.js
FN:6,(anonymous_0)
FN:16,(anonymous_1)
FN:31,(anonymous_2)
FN:50,(anonymous_3)
FN:64,(anonymous_4)
FNF:5
FNH:4
FNDA:4,(anonymous_0)
FNDA:6,(anonymous_1)
FNDA:8,(anonymous_2)
FNDA:6,(anonymous_3)
FNDA:0,(anonymous_4)
DA:1,3
DA:7,4
DA:8,4
DA:9,2
DA:11,2
DA:17,6
DA:18,6
DA:19,6
DA:20,2
DA:22,4
DA:23,2
DA:25,2
DA:32,8
DA:33,8
DA:34,8
DA:36,8
DA:37,2
DA:39,6
DA:40,2
DA:41,4
DA:42,2
DA:44,2
DA:51,6
DA:52,6
DA:53,6
DA:54,2
DA:56,4
DA:57,2
DA:59,2
DA:65,0
DA:66,0
DA:67,0
DA:68,0
DA:70,0
DA:76,3
LF:35
LH:30
BRDA:22,0,0,2
BRDA:22,0,1,2
BRDA:39,1,0,2
BRDA:39,1,1,4
BRDA:41,2,0,2
BRDA:41,2,1,2
BRDA:56,3,0,2
BRDA:56,3,1,2
BRF:8
BRH:8
end_of_record
TN:
SF:src/middleware/authMiddleware.js
FN:5,(anonymous_0)
FN:15,(anonymous_1)
FN:25,(anonymous_2)
FNF:3
FNH:3
FNDA:24,(anonymous_0)
FNDA:19,(anonymous_1)
FNDA:16,(anonymous_2)
DA:1,3
DA:3,3
DA:5,3
DA:6,24
DA:7,24
DA:9,24
DA:11,24
DA:12,5
DA:15,19
DA:16,19
DA:17,3
DA:20,16
DA:21,16
DA:25,3
DA:26,16
DA:29,16
DA:30,4
DA:33,11
DA:36,3
LF:19
LH:19
BRDA:3,0,0,3
BRDA:3,0,1,0
BRDA:7,1,0,24
BRDA:7,1,1,19
BRDA:11,2,0,5
BRDA:11,2,1,19
BRDA:16,3,0,3
BRDA:16,3,1,16
BRDA:29,4,0,4
BRDA:29,4,1,11
BRF:10
BRH:9
end_of_record
TN:
SF:src/routes/companyRoutes.js
FNF:0
FNH:0
DA:1,2
DA:2,2
DA:3,2
DA:4,2
DA:7,2
DA:10,2
DA:13,2
DA:16,2
DA:19,2
DA:21,2
LF:10
LH:10
BRF:0
BRH:0
end_of_record
TN:
SF:src/routes/userRoutes.js
FNF:0
FNH:0
DA:1,2
DA:2,2
DA:3,2
DA:5,2
DA:8,2
DA:9,2
DA:10,2
DA:11,2
DA:13,2
DA:15,2
LF:10
LH:10
BRF:0
BRH:0
end_of_record
TN:
SF:src/services/companyService.js
FN:4,(anonymous_0)
FN:20,(anonymous_1)
FN:34,(anonymous_2)
FN:48,(anonymous_3)
FN:78,(anonymous_4)
FNF:5
FNH:5
FNDA:3,(anonymous_0)
FNDA:3,(anonymous_1)
FNDA:3,(anonymous_2)
FNDA:6,(anonymous_3)
FNDA:5,(anonymous_4)
DA:1,3
DA:4,3
DA:5,3
DA:6,1
DA:7,1
DA:10,2
DA:11,2
DA:12,1
DA:13,1
DA:16,1
DA:20,3
DA:21,3
DA:22,1
DA:23,1
DA:28,2
DA:30,2
DA:34,3
DA:35,3
DA:36,1
DA:37,1
DA:42,2
DA:44,2
DA:48,3
DA:49,6
DA:50,1
DA:51,1
DA:53,5
DA:54,1
DA:55,1
DA:57,4
DA:58,1
DA:59,1
DA:61,3
DA:62,1
DA:63,1
DA:66,2
DA:68,2
DA:69,2
DA:70,1
DA:71,1
DA:74,1
DA:78,3
DA:80,5
DA:81,1
DA:82,1
DA:84,4
DA:85,1
DA:86,1
DA:90,3
DA:91,3
DA:92,3
DA:93,1
DA:94,1
DA:98,2
DA:99,2
DA:100,1
DA:101,1
DA:104,1
LF:58
LH:58
BRDA:5,0,0,1
BRDA:5,0,1,2
BRDA:11,1,0,1
BRDA:11,1,1,1
BRDA:21,2,0,1
BRDA:21,2,1,2
BRDA:30,3,0,2
BRDA:30,3,1,1
BRDA:35,4,0,1
BRDA:35,4,1,2
BRDA:44,5,0,2
BRDA:44,5,1,1
BRDA:49,6,0,1
BRDA:49,6,1,5
BRDA:49,7,0,6
BRDA:49,7,1,5
BRDA:53,8,0,1
BRDA:53,8,1,4
BRDA:57,9,0,1
BRDA:57,9,1,3
BRDA:61,10,0,1
BRDA:61,10,1,2
BRDA:69,11,0,1
BRDA:69,11,1,1
BRDA:80,12,0,1
BRDA:80,12,1,4
BRDA:84,13,0,1
BRDA:84,13,1,3
BRDA:84,14,0,4
BRDA:84,14,1,3
BRDA:90,15,0,3
BRDA:90,15,1,0
BRDA:92,16,0,1
BRDA:92,16,1,2
BRDA:99,17,0,1
BRDA:99,17,1,1
BRF:36
BRH:35
end_of_record
TN:
SF:src/services/userService.js
FN:5,(anonymous_0)
FN:15,(anonymous_1)
FN:28,(anonymous_2)
FN:69,(anonymous_3)
FN:81,(anonymous_4)
FNF:5
FNH:4
FNDA:2,(anonymous_0)
FNDA:3,(anonymous_1)
FNDA:7,(anonymous_2)
FNDA:3,(anonymous_3)
FNDA:0,(anonymous_4)
DA:1,4
DA:6,2
DA:7,2
DA:8,1
DA:10,1
DA:16,3
DA:17,3
DA:18,2
DA:19,1
DA:21,1
DA:23,2
DA:29,7
DA:31,7
DA:32,6
DA:33,1
DA:37,5
DA:38,5
DA:40,5
DA:41,35
DA:42,7
DA:44,1
DA:45,1
DA:46,1
DA:48,6
DA:54,5
DA:55,3
DA:56,3
DA:57,1
DA:61,4
DA:62,4
DA:64,3
DA:70,3
DA:71,3
DA:72,2
DA:73,1
DA:75,1
DA:77,2
DA:82,0
DA:83,0
DA:84,0
DA:86,0
DA:91,4
LF:42
LH:38
BRDA:18,0,0,1
BRDA:18,0,1,1
BRDA:32,1,0,1
BRDA:32,1,1,5
BRDA:41,2,0,7
BRDA:41,2,1,28
BRDA:42,3,0,1
BRDA:42,3,1,6
BRDA:54,4,0,3
BRDA:54,4,1,2
BRDA:54,5,0,5
BRDA:54,5,1,4
BRDA:56,6,0,1
BRDA:56,6,1,2
BRDA:56,7,0,3
BRDA:56,7,1,2
BRDA:72,8,0,1
BRDA:72,8,1,1
BRF:18
BRH:18
end_of_record
