TN:
SF:src\app.js
FN:17,(anonymous_0)
FNF:1
FNH:1
FNDA:1,(anonymous_0)
DA:1,1
DA:2,1
DA:4,1
DA:7,1
DA:8,1
DA:11,1
DA:14,1
DA:17,1
DA:18,1
DA:21,1
LF:10
LH:10
BRF:0
BRH:0
end_of_record
TN:
SF:src\controllers\apiController.js
FNF:0
FNH:0
LF:0
LH:0
BRF:0
BRH:0
end_of_record
TN:
SF:src\controllers\userController.js
FN:6,(anonymous_0)
FN:16,(anonymous_1)
FN:31,(anonymous_2)
FN:50,(anonymous_3)
FNF:4
FNH:4
FNDA:4,(anonymous_0)
FNDA:6,(anonymous_1)
FNDA:8,(anonymous_2)
FNDA:6,(anonymous_3)
DA:1,3
DA:7,4
DA:8,4
DA:9,2
DA:11,2
DA:17,6
DA:18,6
DA:19,6
DA:20,2
DA:22,4
DA:23,2
DA:25,2
DA:32,8
DA:33,8
DA:34,8
DA:36,8
DA:37,2
DA:39,6
DA:40,2
DA:41,4
DA:42,2
DA:44,2
DA:51,6
DA:52,6
DA:53,6
DA:54,2
DA:56,4
DA:57,2
DA:59,2
DA:67,3
LF:30
LH:30
BRDA:22,0,0,2
BRDA:22,0,1,2
BRDA:39,1,0,2
BRDA:39,1,1,4
BRDA:41,2,0,2
BRDA:41,2,1,2
BRDA:56,3,0,2
BRDA:56,3,1,2
BRF:8
BRH:8
end_of_record
TN:
SF:src\middleware\authMiddleware.js
FN:5,(anonymous_0)
FN:13,(anonymous_1)
FN:23,(anonymous_2)
FNF:3
FNH:3
FNDA:24,(anonymous_0)
FNDA:19,(anonymous_1)
FNDA:16,(anonymous_2)
DA:1,3
DA:3,3
DA:5,3
DA:6,24
DA:7,24
DA:9,24
DA:10,5
DA:13,19
DA:14,19
DA:15,3
DA:18,16
DA:19,16
DA:23,3
DA:24,16
DA:27,16
DA:28,4
DA:31,11
DA:34,3
LF:18
LH:18
BRDA:3,0,0,3
BRDA:3,0,1,0
BRDA:7,1,0,24
BRDA:7,1,1,19
BRDA:9,2,0,5
BRDA:9,2,1,19
BRDA:14,3,0,3
BRDA:14,3,1,16
BRDA:27,4,0,4
BRDA:27,4,1,11
BRF:10
BRH:9
end_of_record
TN:
SF:src\routes\apiRoutes.js
FNF:0
FNH:0
DA:1,1
DA:2,1
DA:3,1
DA:7,1
LF:4
LH:4
BRF:0
BRH:0
end_of_record
TN:
SF:src\routes\userRoutes.js
FNF:0
FNH:0
DA:1,2
DA:2,2
DA:3,2
DA:5,2
DA:8,2
DA:9,2
DA:10,2
DA:11,2
DA:13,2
LF:9
LH:9
BRF:0
BRH:0
end_of_record
TN:
SF:src\services\apiService.js
FNF:0
FNH:0
LF:0
LH:0
BRF:0
BRH:0
end_of_record
TN:
SF:src\services\userService.js
FN:5,(anonymous_0)
FN:15,(anonymous_1)
FN:28,(anonymous_2)
FN:69,(anonymous_3)
FNF:4
FNH:4
FNDA:2,(anonymous_0)
FNDA:3,(anonymous_1)
FNDA:7,(anonymous_2)
FNDA:3,(anonymous_3)
DA:1,4
DA:6,2
DA:7,2
DA:8,1
DA:10,1
DA:16,3
DA:17,3
DA:18,2
DA:19,1
DA:21,1
DA:23,2
DA:29,7
DA:31,7
DA:32,6
DA:33,1
DA:37,5
DA:38,5
DA:40,5
DA:41,35
DA:42,7
DA:44,1
DA:45,1
DA:46,1
DA:48,6
DA:54,5
DA:55,3
DA:56,3
DA:57,1
DA:61,4
DA:62,4
DA:64,3
DA:70,3
DA:71,3
DA:72,2
DA:73,1
DA:75,1
DA:77,2
DA:82,4
LF:38
LH:38
BRDA:18,0,0,1
BRDA:18,0,1,1
BRDA:32,1,0,1
BRDA:32,1,1,5
BRDA:41,2,0,7
BRDA:41,2,1,28
BRDA:42,3,0,1
BRDA:42,3,1,6
BRDA:54,4,0,3
BRDA:54,4,1,2
BRDA:54,5,0,5
BRDA:54,5,1,4
BRDA:56,6,0,1
BRDA:56,6,1,2
BRDA:56,7,0,3
BRDA:56,7,1,2
BRDA:72,8,0,1
BRDA:72,8,1,1
BRF:18
BRH:18
end_of_record
